# JRE version: Java(TM) SE Runtime Environment (13.0.1+9) (build 13.0.1+9)
# Java VM: Java HotSpot(TM) 64-Bit Server VM (13.0.1+9, mixed mode, sharing, tiered, compressed oops, g1 gc, windows-amd64)
Heap:
 garbage-first heap   total 37888K, used 16509K [0x00000000e2600000, 0x0000000100000000)
  region size 1024K, 7 young (7168K), 1 survivors (1024K)
 Metaspace       used 16202K, capacity 16620K, committed 16768K, reserved 1071104K
  class space    used 1741K, capacity 1901K, committed 1920K, reserved 1048576K
GC Heap History (20 events):
Event: 23.907 GC heap before
{Heap before GC invocations=570 (full 536):
 garbage-first heap   total 37888K, used 10612K [0x00000000e2600000, 0x0000000100000000)
  region size 1024K, 1 young (1024K), 0 survivors (0K)
 Metaspace       used 15934K, capacity 16364K, committed 16512K, reserved 1064960K
  class space    used 1736K, capacity 1901K, committed 1920K, reserved 1048576K
}
Event: 23.928 GC heap after
{Heap after GC invocations=571 (full 537):
 garbage-first heap   total 37888K, used 10612K [0x00000000e2600000, 0x0000000100000000)
  region size 1024K, 0 young (0K), 0 survivors (0K)
 Metaspace       used 15934K, capacity 16364K, committed 16512K, reserved 1064960K
  class space    used 1736K, capacity 1901K, committed 1920K, reserved 1048576K
}
Event: 23.930 GC heap before
{Heap before GC invocations=571 (full 537):
 garbage-first heap   total 37888K, used 10612K [0x00000000e2600000, 0x0000000100000000)
  region size 1024K, 1 young (1024K), 0 survivors (0K)
 Metaspace       used 15934K, capacity 16364K, committed 16512K, reserved 1064960K
  class space    used 1736K, capacity 1901K, committed 1920K, reserved 1048576K
}
Event: 23.952 GC heap after
{Heap after GC invocations=572 (full 538):
 garbage-first heap   total 37888K, used 10612K [0x00000000e2600000, 0x0000000100000000)
  region size 1024K, 0 young (0K), 0 survivors (0K)
 Metaspace       used 15934K, capacity 16364K, committed 16512K, reserved 1064960K
  class space    used 1736K, capacity 1901K, committed 1920K, reserved 1048576K
}
Event: 23.954 GC heap before
{Heap before GC invocations=572 (full 538):
 garbage-first heap   total 37888K, used 10612K [0x00000000e2600000, 0x0000000100000000)
  region size 1024K, 1 young (1024K), 0 survivors (0K)
 Metaspace       used 15935K, capacity 16364K, committed 16512K, reserved 1064960K
  class space    used 1736K, capacity 1901K, committed 1920K, reserved 1048576K
}
Event: 23.975 GC heap after
{Heap after GC invocations=573 (full 539):
 garbage-first heap   total 37888K, used 10612K [0x00000000e2600000, 0x0000000100000000)
  region size 1024K, 0 young (0K), 0 survivors (0K)
 Metaspace       used 15935K, capacity 16364K, committed 16512K, reserved 1064960K
  class space    used 1736K, capacity 1901K, committed 1920K, reserved 1048576K
}
Event: 23.977 GC heap before
{Heap before GC invocations=573 (full 539):
 garbage-first heap   total 37888K, used 10612K [0x00000000e2600000, 0x0000000100000000)
  region size 1024K, 1 young (1024K), 0 survivors (0K)
 Metaspace       used 15935K, capacity 16364K, committed 16512K, reserved 1064960K
  class space    used 1736K, capacity 1901K, committed 1920K, reserved 1048576K
}
Event: 23.999 GC heap after
{Heap after GC invocations=574 (full 540):
 garbage-first heap   total 37888K, used 10612K [0x00000000e2600000, 0x0000000100000000)
  region size 1024K, 0 young (0K), 0 survivors (0K)
 Metaspace       used 15935K, capacity 16364K, committed 16512K, reserved 1064960K
  class space    used 1736K, capacity 1901K, committed 1920K, reserved 1048576K
}
Event: 24.006 GC heap before
{Heap before GC invocations=574 (full 540):
 garbage-first heap   total 37888K, used 10612K [0x00000000e2600000, 0x0000000100000000)
  region size 1024K, 1 young (1024K), 0 survivors (0K)
 Metaspace       used 15935K, capacity 16364K, committed 16512K, reserved 1064960K
  class space    used 1736K, capacity 1901K, committed 1920K, reserved 1048576K
}
Event: 24.028 GC heap after
{Heap after GC invocations=575 (full 541):
 garbage-first heap   total 37888K, used 10613K [0x00000000e2600000, 0x0000000100000000)
  region size 1024K, 0 young (0K), 0 survivors (0K)
 Metaspace       used 15935K, capacity 16364K, committed 16512K, reserved 1064960K
  class space    used 1736K, capacity 1901K, committed 1920K, reserved 1048576K
}
Event: 24.032 GC heap before
{Heap before GC invocations=575 (full 541):
 garbage-first heap   total 37888K, used 10613K [0x00000000e2600000, 0x0000000100000000)
  region size 1024K, 1 young (1024K), 0 survivors (0K)
 Metaspace       used 15935K, capacity 16364K, committed 16512K, reserved 1064960K
  class space    used 1736K, capacity 1901K, committed 1920K, reserved 1048576K
}
Event: 24.033 GC heap after
{Heap after GC invocations=576 (full 541):
 garbage-first heap   total 37888K, used 10842K [0x00000000e2600000, 0x0000000100000000)
  region size 1024K, 1 young (1024K), 1 survivors (1024K)
 Metaspace       used 15935K, capacity 16364K, committed 16512K, reserved 1064960K
  class space    used 1736K, capacity 1901K, committed 1920K, reserved 1048576K
}
Event: 24.037 GC heap before
{Heap before GC invocations=576 (full 541):
 garbage-first heap   total 37888K, used 10842K [0x00000000e2600000, 0x0000000100000000)
  region size 1024K, 2 young (2048K), 1 survivors (1024K)
 Metaspace       used 15935K, capacity 16364K, committed 16512K, reserved 1064960K
  class space    used 1736K, capacity 1901K, committed 1920K, reserved 1048576K
}
Event: 24.058 GC heap after
{Heap after GC invocations=577 (full 542):
 garbage-first heap   total 37888K, used 10613K [0x00000000e2600000, 0x0000000100000000)
  region size 1024K, 0 young (0K), 0 survivors (0K)
 Metaspace       used 15935K, capacity 16364K, committed 16512K, reserved 1064960K
  class space    used 1736K, capacity 1901K, committed 1920K, reserved 1048576K
}
Event: 24.060 GC heap before
{Heap before GC invocations=577 (full 542):
 garbage-first heap   total 37888K, used 10613K [0x00000000e2600000, 0x0000000100000000)
  region size 1024K, 1 young (1024K), 0 survivors (0K)
 Metaspace       used 15935K, capacity 16364K, committed 16512K, reserved 1064960K
  class space    used 1736K, capacity 1901K, committed 1920K, reserved 1048576K
}
Event: 24.081 GC heap after
{Heap after GC invocations=578 (full 543):
 garbage-first heap   total 37888K, used 10613K [0x00000000e2600000, 0x0000000100000000)
  region size 1024K, 0 young (0K), 0 survivors (0K)
 Metaspace       used 15935K, capacity 16364K, committed 16512K, reserved 1064960K
  class space    used 1736K, capacity 1901K, committed 1920K, reserved 1048576K
}
Event: 24.087 GC heap before
{Heap before GC invocations=578 (full 543):
 garbage-first heap   total 37888K, used 10613K [0x00000000e2600000, 0x0000000100000000)
  region size 1024K, 1 young (1024K), 0 survivors (0K)
 Metaspace       used 15937K, capacity 16364K, committed 16512K, reserved 1064960K
  class space    used 1736K, capacity 1901K, committed 1920K, reserved 1048576K
}
Event: 24.108 GC heap after
{Heap after GC invocations=579 (full 544):
 garbage-first heap   total 37888K, used 10613K [0x00000000e2600000, 0x0000000100000000)
  region size 1024K, 0 young (0K), 0 survivors (0K)
 Metaspace       used 15937K, capacity 16364K, committed 16512K, reserved 1064960K
  class space    used 1736K, capacity 1901K, committed 1920K, reserved 1048576K
}
Event: 91.513 GC heap before
{Heap before GC invocations=579 (full 544):
 garbage-first heap   total 37888K, used 16757K [0x00000000e2600000, 0x0000000100000000)
  region size 1024K, 7 young (7168K), 0 survivors (0K)
 Metaspace       used 16087K, capacity 16492K, committed 16512K, reserved 1071104K
  class space    used 1740K, capacity 1901K, committed 1920K, reserved 1048576K
}
Event: 91.579 GC heap after
{Heap after GC invocations=580 (full 544):
 garbage-first heap   total 37888K, used 11389K [0x00000000e2600000, 0x0000000100000000)
  region size 1024K, 1 young (1024K), 1 survivors (1024K)
 Metaspace       used 16087K, capacity 16492K, committed 16512K, reserved 1071104K
  class space    used 1740K, capacity 1901K, committed 1920K, reserved 1048576K
}

